<?xml version="1.0" encoding="UTF-8"?>
<coverage generated="1664565110">
  <project timestamp="1664565110">
    <file name="/home/jesper_privat/web-udvikling/photocentral-simple-linux-storage/src/Factory/LinuxFileFactory.php">
      <class name="PhotoCentralSimpleLinuxStorage\Factory\LinuxFileFactory" namespace="global">
        <metrics complexity="4" methods="2" coveredmethods="1" conditionals="0" coveredconditionals="0" statements="18" coveredstatements="17" elements="20" coveredelements="18"/>
      </class>
      <line num="26" type="method" name="createLinuxFile" visibility="public" complexity="2" crap="2.00" count="12"/>
      <line num="31" type="stmt" count="12"/>
      <line num="32" type="stmt" count="12"/>
      <line num="33" type="stmt" count="12"/>
      <line num="34" type="stmt" count="12"/>
      <line num="35" type="stmt" count="12"/>
      <line num="37" type="stmt" count="12"/>
      <line num="38" type="stmt" count="0"/>
      <line num="41" type="stmt" count="12"/>
      <line num="43" type="stmt" count="12"/>
      <line num="44" type="stmt" count="12"/>
      <line num="45" type="stmt" count="12"/>
      <line num="46" type="stmt" count="12"/>
      <line num="47" type="stmt" count="12"/>
      <line num="59" type="method" name="generate_file_path" visibility="private" complexity="2" crap="2" count="12"/>
      <line num="62" type="stmt" count="12"/>
      <line num="65" type="stmt" count="12"/>
      <line num="68" type="stmt" count="12"/>
      <line num="69" type="stmt" count="12"/>
      <line num="72" type="stmt" count="12"/>
      <metrics loc="75" ncloc="52" classes="1" methods="2" coveredmethods="1" conditionals="0" coveredconditionals="0" statements="18" coveredstatements="17" elements="20" coveredelements="18"/>
    </file>
    <file name="/home/jesper_privat/web-udvikling/photocentral-simple-linux-storage/src/Factory/PhotoFactory.php">
      <class name="PhotoCentralSimpleLinuxStorage\Factory\PhotoFactory" namespace="global">
        <metrics complexity="1" methods="1" coveredmethods="1" conditionals="0" coveredconditionals="0" statements="11" coveredstatements="11" elements="12" coveredelements="12"/>
      </class>
      <line num="15" type="method" name="createPhoto" visibility="public" complexity="1" crap="1" count="11"/>
      <line num="17" type="stmt" count="11"/>
      <line num="18" type="stmt" count="11"/>
      <line num="19" type="stmt" count="11"/>
      <line num="20" type="stmt" count="11"/>
      <line num="21" type="stmt" count="11"/>
      <line num="22" type="stmt" count="11"/>
      <line num="23" type="stmt" count="11"/>
      <line num="24" type="stmt" count="11"/>
      <line num="25" type="stmt" count="11"/>
      <line num="27" type="stmt" count="11"/>
      <line num="28" type="stmt" count="11"/>
      <metrics loc="31" ncloc="28" classes="1" methods="1" coveredmethods="1" conditionals="0" coveredconditionals="0" statements="11" coveredstatements="11" elements="12" coveredelements="12"/>
    </file>
    <file name="/home/jesper_privat/web-udvikling/photocentral-simple-linux-storage/src/Factory/PhotoUuidFactory.php">
      <class name="PhotoCentralSimpleLinuxStorage\Factory\PhotoUuidFactory" namespace="global">
        <metrics complexity="1" methods="1" coveredmethods="1" conditionals="0" coveredconditionals="0" statements="1" coveredstatements="1" elements="2" coveredelements="2"/>
      </class>
      <line num="10" type="method" name="generatePhotoUuid" visibility="public" complexity="1" crap="1" count="12"/>
      <line num="12" type="stmt" count="12"/>
      <metrics loc="15" ncloc="12" classes="1" methods="1" coveredmethods="1" conditionals="0" coveredconditionals="0" statements="1" coveredstatements="1" elements="2" coveredelements="2"/>
    </file>
    <file name="/home/jesper_privat/web-udvikling/photocentral-simple-linux-storage/src/Model/LinuxFile.php">
      <class name="PhotoCentralSimpleLinuxStorage\Model\LinuxFile" namespace="global">
        <metrics complexity="6" methods="6" coveredmethods="6" conditionals="0" coveredconditionals="0" statements="11" coveredstatements="11" elements="17" coveredelements="17"/>
      </class>
      <line num="17" type="method" name="__construct" visibility="public" complexity="1" crap="1" count="12"/>
      <line num="19" type="stmt" count="12"/>
      <line num="20" type="stmt" count="12"/>
      <line num="21" type="stmt" count="12"/>
      <line num="22" type="stmt" count="12"/>
      <line num="23" type="stmt" count="12"/>
      <line num="24" type="stmt" count="12"/>
      <line num="27" type="method" name="getPhotoUuid" visibility="public" complexity="1" crap="1" count="12"/>
      <line num="29" type="stmt" count="12"/>
      <line num="32" type="method" name="getFullFileNameAndPath" visibility="public" complexity="1" crap="1" count="12"/>
      <line num="34" type="stmt" count="12"/>
      <line num="37" type="method" name="getLastModifiedDate" visibility="public" complexity="1" crap="1" count="11"/>
      <line num="39" type="stmt" count="11"/>
      <line num="42" type="method" name="getFileName" visibility="public" complexity="1" crap="1" count="2"/>
      <line num="44" type="stmt" count="2"/>
      <line num="47" type="method" name="getFilePath" visibility="public" complexity="1" crap="1" count="3"/>
      <line num="49" type="stmt" count="3"/>
      <metrics loc="52" ncloc="49" classes="1" methods="6" coveredmethods="6" conditionals="0" coveredconditionals="0" statements="11" coveredstatements="11" elements="17" coveredelements="17"/>
    </file>
    <file name="/home/jesper_privat/web-udvikling/photocentral-simple-linux-storage/src/Service/PhotoRetrivalService.php">
      <class name="PhotoCentralSimpleLinuxStorage\Service\PhotoRetrivalService" namespace="global">
        <metrics complexity="12" methods="5" coveredmethods="2" conditionals="0" coveredconditionals="0" statements="28" coveredstatements="22" elements="33" coveredelements="24"/>
      </class>
      <line num="16" type="method" name="__construct" visibility="public" complexity="1" crap="1" count="1"/>
      <line num="18" type="stmt" count="1"/>
      <line num="19" type="stmt" count="1"/>
      <line num="30" type="method" name="getPhotoPath" visibility="public" complexity="4" crap="4.32" count="1"/>
      <line num="32" type="stmt" count="1"/>
      <line num="34" type="stmt" count="1"/>
      <line num="35" type="stmt" count="0"/>
      <line num="38" type="stmt" count="1"/>
      <line num="40" type="stmt" count="1"/>
      <line num="41" type="stmt" count="0"/>
      <line num="44" type="stmt" count="1"/>
      <line num="45" type="stmt" count="1"/>
      <line num="47" type="stmt" count="1"/>
      <line num="48" type="stmt" count="1"/>
      <line num="51" type="stmt" count="0"/>
      <line num="61" type="method" name="imageCacheFolderCheck" visibility="private" complexity="3" crap="3.14" count="1"/>
      <line num="63" type="stmt" count="1"/>
      <line num="64" type="stmt" count="1"/>
      <line num="65" type="stmt" count="1"/>
      <line num="66" type="stmt" count="0"/>
      <line num="80" type="method" name="resize" visibility="public" complexity="3" crap="3.07" count="1"/>
      <line num="82" type="stmt" count="1"/>
      <line num="83" type="stmt" count="1"/>
      <line num="85" type="stmt" count="1"/>
      <line num="86" type="stmt" count="0"/>
      <line num="87" type="stmt" count="1"/>
      <line num="88" type="stmt" count="1"/>
      <line num="90" type="stmt" count="0"/>
      <line num="94" type="stmt" count="1"/>
      <line num="97" type="stmt" count="1"/>
      <line num="100" type="stmt" count="1"/>
      <line num="103" type="method" name="getResizedPath" visibility="private" complexity="1" crap="1" count="1"/>
      <line num="105" type="stmt" count="1"/>
      <metrics loc="107" ncloc="80" classes="1" methods="5" coveredmethods="2" conditionals="0" coveredconditionals="0" statements="28" coveredstatements="22" elements="33" coveredelements="24"/>
    </file>
    <file name="/home/jesper_privat/web-udvikling/photocentral-simple-linux-storage/src/SimpleLinuxStorage.php">
      <class name="PhotoCentralSimpleLinuxStorage\SimpleLinuxStorage" namespace="global">
        <metrics complexity="66" methods="21" coveredmethods="13" conditionals="0" coveredconditionals="0" statements="148" coveredstatements="134" elements="169" coveredelements="147"/>
      </class>
      <line num="54" type="method" name="__construct" visibility="public" complexity="1" crap="1" count="13"/>
      <line num="56" type="stmt" count="13"/>
      <line num="57" type="stmt" count="13"/>
      <line num="58" type="stmt" count="13"/>
      <line num="59" type="stmt" count="13"/>
      <line num="60" type="stmt" count="13"/>
      <line num="63" type="method" name="searchPhotos" visibility="public" complexity="3" crap="3" count="1"/>
      <line num="65" type="stmt" count="1"/>
      <line num="66" type="stmt" count="1"/>
      <line num="68" type="stmt" count="1"/>
      <line num="69" type="stmt" count="1"/>
      <line num="71" type="stmt" count="1"/>
      <line num="72" type="stmt" count="1"/>
      <line num="76" type="stmt" count="1"/>
      <line num="79" type="method" name="listPhotos" visibility="public" complexity="4" crap="4" count="4"/>
      <line num="85" type="stmt" count="4"/>
      <line num="86" type="stmt" count="4"/>
      <line num="88" type="stmt" count="4"/>
      <line num="89" type="stmt" count="3"/>
      <line num="92" type="stmt" count="4"/>
      <line num="93" type="stmt" count="1"/>
      <line num="96" type="stmt" count="4"/>
      <line num="104" type="method" name="filterPhotoList" visibility="private" complexity="17" crap="17.32" count="3"/>
      <line num="106" type="stmt" count="3"/>
      <line num="107" type="stmt" count="3"/>
      <line num="108" type="stmt" count="3"/>
      <line num="109" type="stmt" count="3"/>
      <line num="112" type="stmt" count="3"/>
      <line num="113" type="stmt" count="1"/>
      <line num="114" type="stmt" count="1"/>
      <line num="116" type="stmt" count="1"/>
      <line num="117" type="stmt" count="0"/>
      <line num="119" type="stmt" count="1"/>
      <line num="123" type="stmt" count="3"/>
      <line num="124" type="stmt" count="1"/>
      <line num="125" type="stmt" count="1"/>
      <line num="127" type="stmt" count="1"/>
      <line num="128" type="stmt" count="0"/>
      <line num="130" type="stmt" count="1"/>
      <line num="134" type="stmt" count="3"/>
      <line num="135" type="stmt" count="1"/>
      <line num="136" type="stmt" count="1"/>
      <line num="138" type="stmt" count="1"/>
      <line num="139" type="stmt" count="0"/>
      <line num="141" type="stmt" count="1"/>
      <line num="145" type="stmt" count="3"/>
      <line num="146" type="stmt" count="1"/>
      <line num="147" type="stmt" count="1"/>
      <line num="149" type="stmt" count="1"/>
      <line num="150" type="stmt" count="1"/>
      <line num="152" type="stmt" count="1"/>
      <line num="157" type="stmt" count="3"/>
      <line num="166" type="method" name="sortPhotoList" visibility="private" complexity="2" crap="2" count="1"/>
      <line num="168" type="stmt" count="1"/>
      <line num="169" type="stmt" count="1"/>
      <line num="172" type="stmt" count="1"/>
      <line num="178" type="method" name="getPhoto" visibility="public" complexity="2" crap="2" count="1"/>
      <line num="180" type="stmt" count="1"/>
      <line num="182" type="stmt" count="1"/>
      <line num="183" type="stmt" count="1"/>
      <line num="186" type="stmt" count="1"/>
      <line num="189" type="method" name="softDeletePhoto" visibility="public" complexity="3" crap="3.01" count="1"/>
      <line num="191" type="stmt" count="1"/>
      <line num="193" type="stmt" count="1"/>
      <line num="194" type="stmt" count="0"/>
      <line num="198" type="stmt" count="1"/>
      <line num="201" type="stmt" count="1"/>
      <line num="204" type="stmt" count="1"/>
      <line num="205" type="stmt" count="1"/>
      <line num="208" type="stmt" count="1"/>
      <line num="209" type="stmt" count="1"/>
      <line num="212" type="stmt" count="1"/>
      <line num="213" type="stmt" count="1"/>
      <line num="215" type="stmt" count="1"/>
      <line num="218" type="method" name="undoSoftDeletePhoto" visibility="public" complexity="2" crap="2.00" count="1"/>
      <line num="221" type="stmt" count="1"/>
      <line num="223" type="stmt" count="1"/>
      <line num="224" type="stmt" count="0"/>
      <line num="228" type="stmt" count="1"/>
      <line num="231" type="stmt" count="1"/>
      <line num="234" type="stmt" count="1"/>
      <line num="237" type="stmt" count="1"/>
      <line num="240" type="stmt" count="1"/>
      <line num="243" type="stmt" count="1"/>
      <line num="244" type="stmt" count="1"/>
      <line num="246" type="stmt" count="1"/>
      <line num="249" type="method" name="listPhotoCollections" visibility="public" complexity="1" crap="1" count="1"/>
      <line num="251" type="stmt" count="1"/>
      <line num="254" type="method" name="removeUnusedFoldersRecursively" visibility="private" complexity="2" crap="2" count="2"/>
      <line num="256" type="stmt" count="2"/>
      <line num="257" type="stmt" count="2"/>
      <line num="258" type="stmt" count="2"/>
      <line num="265" type="method" name="buildDeletedLinuxFilesMap" visibility="private" complexity="3" crap="3.01" count="1"/>
      <line num="268" type="stmt" count="1"/>
      <line num="269" type="stmt" count="0"/>
      <line num="272" type="stmt" count="1"/>
      <line num="273" type="stmt" count="1"/>
      <line num="276" type="stmt" count="1"/>
      <line num="277" type="stmt" count="1"/>
      <line num="278" type="stmt" count="1"/>
      <line num="279" type="stmt" count="1"/>
      <line num="282" type="stmt" count="1"/>
      <line num="285" type="method" name="readPhotos" visibility="private" complexity="5" crap="6.14" count="11"/>
      <line num="287" type="stmt" count="11"/>
      <line num="289" type="stmt" count="11"/>
      <line num="290" type="stmt" count="11"/>
      <line num="292" type="stmt" count="11"/>
      <line num="293" type="stmt" count="11"/>
      <line num="296" type="stmt" count="11"/>
      <line num="297" type="stmt" count="0"/>
      <line num="298" type="stmt" count="0"/>
      <line num="299" type="stmt" count="0"/>
      <line num="300" type="stmt" count="0"/>
      <line num="301" type="stmt" count="0"/>
      <line num="310" type="stmt" count="11"/>
      <line num="311" type="stmt" count="11"/>
      <line num="312" type="stmt" count="11"/>
      <line num="321" type="method" name="getPathOrUrlToPhoto" visibility="public" complexity="1" crap="1" count="1"/>
      <line num="323" type="stmt" count="1"/>
      <line num="324" type="stmt" count="1"/>
      <line num="326" type="stmt" count="1"/>
      <line num="329" type="method" name="getPathOrUrlToCachedPhoto" visibility="public" complexity="1" crap="2" count="0"/>
      <line num="334" type="stmt" count="0"/>
      <line num="337" type="method" name="setPhotoCache" visibility="public" complexity="1" crap="2" count="0"/>
      <line num="339" type="stmt" count="0"/>
      <line num="342" type="method" name="getPhotoCache" visibility="public" complexity="1" crap="2" count="0"/>
      <line num="344" type="stmt" count="0"/>
      <line num="347" type="method" name="listPhotoQuantityByYear" visibility="public" complexity="4" crap="4" count="1"/>
      <line num="349" type="stmt" count="1"/>
      <line num="350" type="stmt" count="1"/>
      <line num="351" type="stmt" count="1"/>
      <line num="352" type="stmt" count="1"/>
      <line num="353" type="stmt" count="1"/>
      <line num="356" type="stmt" count="1"/>
      <line num="358" type="stmt" count="1"/>
      <line num="359" type="stmt" count="1"/>
      <line num="360" type="stmt" count="1"/>
      <line num="363" type="stmt" count="1"/>
      <line num="366" type="method" name="listPhotoQuantityByMonth" visibility="public" complexity="5" crap="5" count="1"/>
      <line num="368" type="stmt" count="1"/>
      <line num="369" type="stmt" count="1"/>
      <line num="370" type="stmt" count="1"/>
      <line num="371" type="stmt" count="1"/>
      <line num="372" type="stmt" count="1"/>
      <line num="373" type="stmt" count="1"/>
      <line num="374" type="stmt" count="1"/>
      <line num="378" type="stmt" count="1"/>
      <line num="380" type="stmt" count="1"/>
      <line num="381" type="stmt" count="1"/>
      <line num="382" type="stmt" count="1"/>
      <line num="385" type="stmt" count="1"/>
      <line num="388" type="method" name="listPhotoQuantityByDay" visibility="public" complexity="6" crap="6" count="1"/>
      <line num="390" type="stmt" count="1"/>
      <line num="391" type="stmt" count="1"/>
      <line num="392" type="stmt" count="1"/>
      <line num="393" type="stmt" count="1"/>
      <line num="394" type="stmt" count="1"/>
      <line num="395" type="stmt" count="1"/>
      <line num="396" type="stmt" count="1"/>
      <line num="397" type="stmt" count="1"/>
      <line num="401" type="stmt" count="1"/>
      <line num="403" type="stmt" count="1"/>
      <line num="404" type="stmt" count="1"/>
      <line num="405" type="stmt" count="1"/>
      <line num="408" type="stmt" count="1"/>
      <line num="411" type="method" name="getPhotoCollectionUuid" visibility="public" complexity="1" crap="1" count="13"/>
      <line num="413" type="stmt" count="13"/>
      <line num="416" type="method" name="getDefaultPhotoCollectionUuid" visibility="public" complexity="1" crap="1" count="12"/>
      <line num="418" type="stmt" count="12"/>
      <metrics loc="421" ncloc="372" classes="1" methods="21" coveredmethods="13" conditionals="0" coveredconditionals="0" statements="148" coveredstatements="134" elements="169" coveredelements="147"/>
    </file>
    <metrics files="6" loc="701" ncloc="593" classes="6" methods="36" coveredmethods="24" conditionals="0" coveredconditionals="0" statements="217" coveredstatements="196" elements="253" coveredelements="220"/>
  </project>
</coverage>
